Arguments: 
  C:\Program Files\nodejs\node.exe C:\Users\harsh\AppData\Roaming\npm\node_modules\yarn\bin\yarn.js

PATH: 
  C:\Users\harsh\AppData\Local\Programs\Python\Python311\Scripts\;C:\Users\harsh\AppData\Local\Programs\Python\Python311\;C:\Program Files\Common Files\Oracle\Java\javapath;C:\Windows\system32;C:\Windows;C:\Windows\System32\Wbem;C:\Windows\System32\WindowsPowerShell\v1.0\;C:\Windows\System32\OpenSSH\;C:\Program Files (x86)\NVIDIA Corporation\PhysX\Common;C:\Program Files\NVIDIA Corporation\NVIDIA NvDLISR;C:\WINDOWS\system32;C:\WINDOWS;C:\WINDOWS\System32\Wbem;C:\WINDOWS\System32\WindowsPowerShell\v1.0\;C:\WINDOWS\System32\OpenSSH\;C:\MinGW\bin;C:\Program Files\Java\jdk-17.0.3.1\bin;C:\Program Files\kotlinc\bin;C:\Program Files\Git\cmd;C:\Program Files\MongoDB\Server\6.0\bin;C:\Program Files\nodejs\;C:\ProgramData\chocolatey\bin;C:\Users\harsh\AppData\Local\Microsoft\WindowsApps;C:\Users\harsh\AppData\Local\Programs\Microsoft VS Code\bin;C:\ffmpeg\bin;C:\Program Files\kotlinc\bin;C:\Program Files\JetBrains\IntelliJ IDEA Community Edition 2022.3.3\bin;;C:\Users\harsh\AppData\Roaming\npm;C:\Users\harsh\OneDrive\Documents\PROJECTS\ai-saas;

Yarn version: 
  1.22.19

Node version: 
  18.16.1

Platform: 
  win32 x64

Trace: 
  Error: getaddrinfo ENOTFOUND registry.yarnpkg.com
      at GetAddrInfoReqWrap.onlookup [as oncomplete] (node:dns:107:26)

npm manifest: 
  {
    "name": "whatsapp-clone",
    "version": "0.1.0",
    "private": true,
    "scripts": {
      "dev": "next dev",
      "build": "next build",
      "start": "next start",
      "lint": "next lint"
    },
    "dependencies": {
      "autoprefixer": "^10.4.14",
      "axios": "^1.4.0",
      "emoji-picker-react": "^4.4.9",
      "firebase": "^9.21.0",
      "next": "13.4.1",
      "postcss": "^8.4.23",
      "react": "18.2.0",
      "react-dom": "18.2.0",
      "react-icons": "^4.8.0",
      "react-image-file-resizer": "^0.4.8",
      "socket.io-client": "^4.6.1",
      "tailwindcss": "^3.3.2",
      "wavesurfer.js": "^6.6.3",
      "zego-express-engine-webrtc": "2.24.5"
    }
  }

yarn manifest: 
  No manifest

Lockfile: 
  No lockfile
